<?xml version="1.0" encoding="UTF-8"?>
<testsuite name="nl.tudelft.cse.sem.group34.desktop.authentication.entities.UserTest" tests="4" skipped="0" failures="0" errors="0" timestamp="2020-01-24T15:29:56" hostname="gforghieri-GF63-8RD" time="0.001">
  <properties/>
  <testcase name="setPassword" classname="nl.tudelft.cse.sem.group34.desktop.authentication.entities.UserTest" time="0.0"/>
  <testcase name="getPassword" classname="nl.tudelft.cse.sem.group34.desktop.authentication.entities.UserTest" time="0.0"/>
  <testcase name="setUsername" classname="nl.tudelft.cse.sem.group34.desktop.authentication.entities.UserTest" time="0.0"/>
  <testcase name="getUsername" classname="nl.tudelft.cse.sem.group34.desktop.authentication.entities.UserTest" time="0.0"/>
  <system-out><![CDATA[]]></system-out>
  <system-err><![CDATA[]]></system-err>
</testsuite>
